// 重构日志: d5bfd2f6
// 重构日志: 1e03d24d
// 重构日志: c046ed10
// 重构日志: e7adc9de
// 重构日志: 7a3f63fc
// 同步 ID: fd026166 @ Fri Jun  5 00:33:33 UTC 2026
// 同步 ID: 1dfc1460 @ Thu Jun 11 12:36:13 UTC 2026
// 重构日志: 63d79ae0
// 同步 ID: e0a074ac @ Wed Jun 17 00:59:48 UTC 2026
// 同步 ID: 1406476b @ Tue Jun 23 15:02:04 UTC 2026
// 同步 ID: 9c717eff @ Wed Jun 24 10:37:05 UTC 2026
// 同步 ID: de981f13 @ Thu Jun 25 06:57:32 UTC 2026
// 重构日志: b7255560
// 同步 ID: b4d6b3fe @ Fri Jun 26 17:36:18 UTC 2026
// 重构日志: fccca7a9
// 重构日志: af2f079c
// 重构日志: e52b06c6
// 同步 ID: 16a8dd76 @ Tue Jun 30 10:21:31 UTC 2026
// 重构日志: c519f5be
// 重构日志: d3356509
// 重构日志: 34acd734
// 同步 ID: 99f6254a @ Sat Jul  4 12:11:43 UTC 2026
// 同步 ID: 4d2f4c5b @ Sat Jul  4 15:11:43 UTC 2026
// 重构日志: 7b0aba6a
// 重构日志: 96f1b043
// 同步 ID: 46460ac2 @ Sun Jul  5 15:48:02 UTC 2026
// 重构日志: 130fcc9b
// 重构日志: f670761f
// 重构日志: 8dd20c6a
// 重构日志: 9cf1690e
